2018-12-28T17:06:27.246108Z (1) info: starting jupyter kernel
2018-12-28T17:06:27.327453Z (1) debug: read /Users/stephenroe/Library/Jupyter/runtime/kernel-b066317c-5bca-454b-a925-c990fcf89b38.json
2018-12-28T17:06:27.328568Z (1) debug: listening on tcp://127.0.0.1
2018-12-28T17:06:27.336486Z (1) debug: setting up control on 53294
2018-12-28T17:06:27.382847Z (1) debug: setting up shell on 53291
2018-12-28T17:06:27.398858Z (1) debug: setting up iopub on 53292
2018-12-28T17:06:27.406857Z (1) debug: setting up hb on 53295
2018-12-28T17:06:27.753478Z (7) debug: shell got a message: kernel_info_request
2018-12-28T17:06:27.754133Z (7) info: shell: sending kernel_info_reply message
2018-12-28T17:06:27.932246Z (7) debug: shell got a message: kernel_info_request
2018-12-28T17:06:27.932804Z (7) info: shell: sending kernel_info_reply message
2018-12-28T17:06:28.074801Z (7) debug: shell got a message: comm_info_request
2018-12-28T17:06:28.075641Z (7) warning: unimplemented message type: comm_info_request
2018-12-28T17:06:28.141873Z (7) debug: shell got a message: execute_request
2018-12-28T17:06:28.142651Z (7) info: iopub: sending status message
2018-12-28T17:06:28.218182Z (7) info: iopub: sending execute_input message
2018-12-28T17:06:28.260443Z (7) info: iopub: sending execute_result message
2018-12-28T17:06:28.295650Z (7) info: iopub: sending status message
2018-12-28T17:06:28.357254Z (7) info: shell: sending execute_reply message
2018-12-28T17:06:41.910408Z (7) debug: shell got a message: execute_request
2018-12-28T17:06:41.911043Z (7) info: iopub: sending status message
2018-12-28T17:06:43.542798Z (7) info: iopub: sending execute_input message
2018-12-28T17:06:43.582521Z (7) info: iopub: sending display_data message
2018-12-28T17:06:43.618778Z (7) info: iopub: sending status message
2018-12-28T17:06:43.655547Z (7) info: shell: sending execute_reply message
2018-12-28T17:06:56.135919Z (1) info: starting jupyter kernel
2018-12-28T17:06:56.156041Z (1) debug: read /Users/stephenroe/Library/Jupyter/runtime/kernel-8f302275-2a4c-457e-a5ea-df66f603843f.json
2018-12-28T17:06:56.156806Z (1) debug: listening on tcp://127.0.0.1
2018-12-28T17:06:56.157838Z (1) debug: setting up control on 53518
2018-12-28T17:06:56.182117Z (1) debug: setting up shell on 53515
2018-12-28T17:06:56.183288Z (1) debug: setting up iopub on 53516
2018-12-28T17:06:56.184572Z (1) debug: setting up hb on 53519
2018-12-28T17:06:56.500335Z (7) debug: shell got a message: kernel_info_request
2018-12-28T17:06:56.500934Z (7) info: shell: sending kernel_info_reply message
2018-12-28T17:06:56.647119Z (7) debug: shell got a message: kernel_info_request
2018-12-28T17:06:56.649285Z (7) info: shell: sending kernel_info_reply message
2018-12-28T17:06:56.755907Z (7) debug: shell got a message: comm_info_request
2018-12-28T17:06:56.756469Z (7) warning: unimplemented message type: comm_info_request
2018-12-28T17:06:58.282642Z (7) debug: shell got a message: execute_request
2018-12-28T17:06:58.283467Z (7) info: iopub: sending status message
2018-12-28T17:06:58.359883Z (7) info: iopub: sending execute_input message
2018-12-28T17:06:58.403524Z (7) info: iopub: sending execute_result message
2018-12-28T17:06:58.447047Z (7) info: iopub: sending status message
2018-12-28T17:06:58.497688Z (7) info: shell: sending execute_reply message
2018-12-28T17:07:03.847023Z (7) debug: shell got a message: execute_request
2018-12-28T17:07:03.848099Z (7) info: iopub: sending status message
2018-12-28T17:07:04.037337Z (7) info: iopub: sending execute_input message
2018-12-28T17:07:04.114781Z (7) info: iopub: sending execute_result message
2018-12-28T17:07:04.177201Z (7) info: iopub: sending status message
2018-12-28T17:07:04.254142Z (7) info: shell: sending execute_reply message
2018-12-28T17:07:10.660930Z (7) debug: shell got a message: execute_request
2018-12-28T17:07:10.661707Z (7) info: iopub: sending status message
2018-12-28T17:07:10.871346Z (7) info: iopub: sending execute_input message
2018-12-28T17:07:10.942793Z (7) info: iopub: sending display_data message
2018-12-28T17:07:10.981376Z (7) info: iopub: sending status message
2018-12-28T17:07:11.017732Z (7) info: shell: sending execute_reply message
2018-12-28T17:07:33.491131Z (6) debug: ctl got a message: shutdown_request
2018-12-28T17:07:38.691075Z (6) debug: ctl got a message: shutdown_request
2018-12-29T10:58:44.837312Z (1) info: starting jupyter kernel
2018-12-29T10:58:44.878624Z (1) debug: read /Users/stephenroe/Library/Jupyter/runtime/kernel-a0e0bd0a-9958-428f-a7b7-f929474cda07.json
2018-12-29T10:58:44.879423Z (1) debug: listening on tcp://127.0.0.1
2018-12-29T10:58:44.884184Z (1) debug: setting up control on 59274
2018-12-29T10:58:44.914319Z (1) debug: setting up shell on 59271
2018-12-29T10:58:44.916124Z (1) debug: setting up iopub on 59272
2018-12-29T10:58:44.917596Z (1) debug: setting up hb on 59275
2018-12-29T10:58:45.254426Z (7) debug: shell got a message: kernel_info_request
2018-12-29T10:58:45.256943Z (7) info: shell: sending kernel_info_reply message
2018-12-29T10:58:45.419893Z (7) debug: shell got a message: kernel_info_request
2018-12-29T10:58:45.420794Z (7) info: shell: sending kernel_info_reply message
2018-12-29T10:58:45.546808Z (7) debug: shell got a message: comm_info_request
2018-12-29T10:58:45.547578Z (7) warning: unimplemented message type: comm_info_request
2018-12-29T10:59:12.393742Z (7) debug: shell got a message: execute_request
2018-12-29T10:59:12.394946Z (7) info: iopub: sending status message
2018-12-29T10:59:12.685666Z (7) info: iopub: sending execute_input message
2018-12-29T10:59:12.727111Z (7) info: iopub: sending display_data message
2018-12-29T10:59:12.778190Z (7) info: iopub: sending status message
2018-12-29T10:59:12.856474Z (7) info: shell: sending execute_reply message
2018-12-29T10:59:20.542886Z (1) info: starting jupyter kernel
2018-12-29T10:59:20.560861Z (1) debug: read /Users/stephenroe/Library/Jupyter/runtime/kernel-a28ab2b9-f5a8-4869-94be-da64a42e9e7e.json
2018-12-29T10:59:20.561509Z (1) debug: listening on tcp://127.0.0.1
2018-12-29T10:59:20.562547Z (1) debug: setting up control on 59536
2018-12-29T10:59:20.607609Z (1) debug: setting up shell on 59533
2018-12-29T10:59:20.608845Z (1) debug: setting up iopub on 59534
2018-12-29T10:59:20.609863Z (1) debug: setting up hb on 59537
2018-12-29T10:59:21.037607Z (7) debug: shell got a message: kernel_info_request
2018-12-29T10:59:21.038367Z (7) info: shell: sending kernel_info_reply message
2018-12-29T10:59:21.189490Z (7) debug: shell got a message: kernel_info_request
2018-12-29T10:59:21.190617Z (7) info: shell: sending kernel_info_reply message
2018-12-29T10:59:21.333100Z (7) debug: shell got a message: comm_info_request
2018-12-29T10:59:21.334157Z (7) warning: unimplemented message type: comm_info_request
2018-12-29T10:59:42.982082Z (7) debug: shell got a message: execute_request
2018-12-29T10:59:42.982989Z (7) info: iopub: sending status message
2018-12-29T10:59:43.266538Z (7) info: iopub: sending execute_input message
2018-12-29T10:59:43.320815Z (7) info: iopub: sending display_data message
2018-12-29T10:59:43.403625Z (7) info: iopub: sending status message
2018-12-29T10:59:43.506978Z (7) info: shell: sending execute_reply message
2018-12-29T11:00:51.080862Z (6) debug: ctl got a message: shutdown_request
2018-12-29T11:00:51.087649Z (6) debug: ctl got a message: shutdown_request
2018-12-29T11:23:02.132393Z (1) info: starting jupyter kernel
2018-12-29T11:23:02.152826Z (1) debug: read /Users/stephenroe/Library/Jupyter/runtime/kernel-5588af2d-2798-454c-bdac-4cb489c0fd49.json
2018-12-29T11:23:02.153590Z (1) debug: listening on tcp://127.0.0.1
2018-12-29T11:23:02.154784Z (1) debug: setting up control on 61214
2018-12-29T11:23:02.187496Z (1) debug: setting up shell on 61211
2018-12-29T11:23:02.188819Z (1) debug: setting up iopub on 61212
2018-12-29T11:23:02.190275Z (1) debug: setting up hb on 61215
2018-12-29T11:23:02.542479Z (7) debug: shell got a message: kernel_info_request
2018-12-29T11:23:02.543062Z (7) info: shell: sending kernel_info_reply message
2018-12-29T11:23:02.722909Z (7) debug: shell got a message: kernel_info_request
2018-12-29T11:23:02.723651Z (7) info: shell: sending kernel_info_reply message
2018-12-29T11:23:02.864765Z (7) debug: shell got a message: comm_info_request
2018-12-29T11:23:02.865521Z (7) warning: unimplemented message type: comm_info_request
2018-12-29T11:23:05.064181Z (7) debug: shell got a message: execute_request
2018-12-29T11:23:05.065225Z (7) info: iopub: sending status message
2018-12-29T11:23:05.451820Z (7) info: iopub: sending execute_input message
2018-12-29T11:23:05.559261Z (7) info: iopub: sending display_data message
2018-12-29T11:23:05.609524Z (7) info: iopub: sending status message
2018-12-29T11:23:05.687488Z (7) info: shell: sending execute_reply message
2018-12-29T11:23:20.274050Z (6) debug: ctl got a message: shutdown_request
